---------------------------------------
Begin Slurm Prolog: Apr-17-2026 08:44:59
Job ID:    4913539
User ID:   vaggala3
Account:   ece
Job name:  co_adsorption
Partition: pace-cpu
QOS:       coe-ice
---------------------------------------
Starting job at Fri Apr 17 08:44:59 EDT 2026
---------------------------------------
Begin Slurm Prolog: Apr-17-2026 08:45:30
Job ID:    4913541
User ID:   vaggala3
Account:   ece
Job name:  interactive
Partition: ice-cpu
QOS:       coe-ice
---------------------------------------
E_clean = -105557.384960 eV
E_atop  = -106171.134200 eV
E_fcc   = -106171.422426 eV
E_CO    = -612.893267 eV

Atop adsorption energy = -0.855973 eV
FCC adsorption energy  = -1.144199 eV

DFT predicts that the FCC site for Pt(111) is more stable than the atop site by 0.288 eV.
This is close to the literature value of 0.25 eV.
Running Cu(111) calculations...
E_clean = -149062.193418 eV
E_atop  = -149675.250546 eV
E_fcc   = -149675.342639 eV
E_CO    = -612.893267 eV

Atop adsorption energy = -0.163861 eV
FCC adsorption energy  = -0.255953 eV

DFT predicts that the FCC site for Cu(111) is more stable than the atop site by 0.092 eV.
Job finished at Fri Apr 17 08:45:37 EDT 2026
---------------------------------------
Begin Slurm Epilog: Apr-17-2026 08:45:37
Job ID:        4913539
User ID:       vaggala3
Account:       ece
Job name:      co_adsorption
Resources:     cpu=8,mem=8G,node=1
Rsrc Used:     cput=00:05:12,vmem=0,walltime=00:00:39,mem=43968K,energy_used=0
Partition:     pace-cpu
QOS:           coe-ice
Nodes:         atl1-1-03-004-5-1
---------------------------------------
